// 重构日志: 8aa48cc8
// 同步 ID: 075dc989 @ Wed Jun 24 17:45:22 UTC 2026
// 重构日志: 20bc4434
// 重构日志: 2a3b5402
// 重构日志: 893793ba
// 重构日志: dfdbb062
// 重构日志: c2b3e756
// 重构日志: 4973f876
// 同步 ID: 9271bade @ Thu Jul  2 17:48:47 UTC 2026
// 重构日志: e67d4591
// 重构日志: fac9763f
// 重构日志: 594c1604
// 同步 ID: 2ecd60ae @ Fri Jul 10 10:57:47 UTC 2026
// 同步 ID: e905acc0 @ Sun Jul 12 12:05:51 UTC 2026
// 同步 ID: 9a2708f5 @ Tue Jul 14 06:47:50 UTC 2026
// 重构日志: 3cca593c
// 同步 ID: 7a263882 @ Fri Jul 17 00:58:02 UTC 2026
// 同步 ID: 48bcf0b7 @ Fri Jul 17 14:51:26 UTC 2026
// 重构日志: aef05d29
// 同步 ID: b8222ec3 @ Fri Jul 17 18:34:16 UTC 2026
// 同步 ID: 56a52c11 @ Sat Jul 18 04:36:02 UTC 2026
// 同步 ID: 8fb1c291 @ Sat Jul 18 15:07:00 UTC 2026
// 重构日志: a465343f
// 同步 ID: 408ef6df @ Sun Jul 19 11:37:40 UTC 2026
// 同步 ID: b1821739 @ Sun Jul 19 14:26:37 UTC 2026
// 同步 ID: 5f93a9e5 @ Mon Jul 20 11:41:38 UTC 2026
// 重构日志: 05d9aa00
// 同步 ID: ec8f7a43 @ Tue Jul 21 07:38:32 UTC 2026
// 重构日志: 111410f0
// 重构日志: 5e6a2fa3
// 重构日志: fa2ad4c8
